nohup: ignoring input
>>> 检测到输出目录: ./logs/exp1
---------------------------------------------------------
>>> 开始实验: ID_Weight=0.0, Cloth_Weight=0.0
=> PRCC 数据集物理加载完毕
   Train: 17896 张 | Query: 3543 张 | Gallery: 7257 张
   Train PIDs: 150 | Cams: 3
Resized position embedding: %s to %s torch.Size([197, 768]) torch.Size([289, 768])
Position embedding resize to height:24 width: 12
>>> 发现断点权重，正在加载第 40 轮模型: ./logs/exp1/model_40.pth
>>> 准备从 Epoch[41] 开始训练...
/root/miniconda3/lib/python3.10/site-packages/torch/optim/lr_scheduler.py:136: UserWarning: Detected call of `lr_scheduler.step()` before `optimizer.step()`. In PyTorch 1.1.0 and later, you should call them in the opposite order: `optimizer.step()` before `lr_scheduler.step()`.  Failure to do this will result in PyTorch skipping the first value of the learning rate schedule. See more details at https://pytorch.org/docs/stable/optim.html#how-to-adjust-learning-rate
  warnings.warn("Detected call of `lr_scheduler.step()` before `optimizer.step()`. "
>>> 正在同步学习率调度器进度至第 40 轮...
Epoch[41] Iteration[1/275] Loss: 0.210  Acc: 1.000  ETA: 2:20:17
Epoch[41] Iteration[50/275] Loss: 0.210  Acc: 1.000  ETA: 0:29:06
Epoch[41] Iteration[100/275] Loss: 0.210  Acc: 1.000  ETA: 0:27:41
Epoch[41] Iteration[150/275] Loss: 0.214  Acc: 1.000  ETA: 0:26:59
Epoch[41] Iteration[200/275] Loss: 0.210  Acc: 1.000  ETA: 0:26:34
Epoch[41] Iteration[250/275] Loss: 0.209  Acc: 1.000  ETA: 0:26:12
Epoch[42] Iteration[1/275] Loss: 0.210  Acc: 1.000  ETA: 0:26:10
Epoch[42] Iteration[50/275] Loss: 0.211  Acc: 1.000  ETA: 0:25:50
Epoch[42] Iteration[100/275] Loss: 0.211  Acc: 1.000  ETA: 0:25:31
Epoch[42] Iteration[150/275] Loss: 0.211  Acc: 1.000  ETA: 0:25:14
Epoch[42] Iteration[200/275] Loss: 0.210  Acc: 1.000  ETA: 0:24:59
Epoch[42] Iteration[250/275] Loss: 0.210  Acc: 1.000  ETA: 0:24:41
Epoch[43] Iteration[1/275] Loss: 0.210  Acc: 1.000  ETA: 0:24:38
Epoch[43] Iteration[50/275] Loss: 0.209  Acc: 1.000  ETA: 0:24:22
Epoch[43] Iteration[100/275] Loss: 0.210  Acc: 1.000  ETA: 0:24:06
Epoch[43] Iteration[150/275] Loss: 0.210  Acc: 1.000  ETA: 0:23:51
Epoch[43] Iteration[200/275] Loss: 0.210  Acc: 1.000  ETA: 0:23:36
Epoch[43] Iteration[250/275] Loss: 0.209  Acc: 1.000  ETA: 0:23:20
Epoch[44] Iteration[1/275] Loss: 0.210  Acc: 1.000  ETA: 0:23:15
Epoch[44] Iteration[50/275] Loss: 0.209  Acc: 1.000  ETA: 0:23:00
Epoch[44] Iteration[100/275] Loss: 0.211  Acc: 1.000  ETA: 0:22:44
Epoch[44] Iteration[150/275] Loss: 0.209  Acc: 1.000  ETA: 0:22:29
Epoch[44] Iteration[200/275] Loss: 0.209  Acc: 1.000  ETA: 0:22:13
Epoch[44] Iteration[250/275] Loss: 0.209  Acc: 1.000  ETA: 0:21:58
Epoch[45] Iteration[1/275] Loss: 0.209  Acc: 1.000  ETA: 0:21:52
Epoch[45] Iteration[50/275] Loss: 0.209  Acc: 1.000  ETA: 0:21:37
Epoch[45] Iteration[100/275] Loss: 0.210  Acc: 1.000  ETA: 0:21:22
Epoch[45] Iteration[150/275] Loss: 0.210  Acc: 1.000  ETA: 0:21:07
Epoch[45] Iteration[200/275] Loss: 0.209  Acc: 1.000  ETA: 0:20:52
Epoch[45] Iteration[250/275] Loss: 0.208  Acc: 1.000  ETA: 0:20:37
Epoch[46] Iteration[1/275] Loss: 0.209  Acc: 1.000  ETA: 0:20:31
Epoch[46] Iteration[50/275] Loss: 0.209  Acc: 1.000  ETA: 0:20:16
Epoch[46] Iteration[100/275] Loss: 0.209  Acc: 1.000  ETA: 0:20:01
Epoch[46] Iteration[150/275] Loss: 0.209  Acc: 1.000  ETA: 0:19:45
Epoch[46] Iteration[200/275] Loss: 0.209  Acc: 1.000  ETA: 0:19:30
Epoch[46] Iteration[250/275] Loss: 0.208  Acc: 1.000  ETA: 0:19:15
Epoch[47] Iteration[1/275] Loss: 0.209  Acc: 1.000  ETA: 0:19:09
Epoch[47] Iteration[50/275] Loss: 0.209  Acc: 1.000  ETA: 0:18:54
Epoch[47] Iteration[100/275] Loss: 0.209  Acc: 1.000  ETA: 0:18:40
Epoch[47] Iteration[150/275] Loss: 0.208  Acc: 1.000  ETA: 0:18:25
Epoch[47] Iteration[200/275] Loss: 0.209  Acc: 1.000  ETA: 0:18:10
Epoch[47] Iteration[250/275] Loss: 0.208  Acc: 1.000  ETA: 0:17:56
Epoch[48] Iteration[1/275] Loss: 0.211  Acc: 1.000  ETA: 0:17:50
Epoch[48] Iteration[50/275] Loss: 0.209  Acc: 1.000  ETA: 0:17:35
Epoch[48] Iteration[100/275] Loss: 0.210  Acc: 1.000  ETA: 0:17:20
Epoch[48] Iteration[150/275] Loss: 0.209  Acc: 1.000  ETA: 0:17:05
Epoch[48] Iteration[200/275] Loss: 0.214  Acc: 0.984  ETA: 0:16:50
Epoch[48] Iteration[250/275] Loss: 0.209  Acc: 1.000  ETA: 0:16:35
Epoch[49] Iteration[1/275] Loss: 0.209  Acc: 1.000  ETA: 0:16:29
Epoch[49] Iteration[50/275] Loss: 0.209  Acc: 1.000  ETA: 0:16:14
Epoch[49] Iteration[100/275] Loss: 0.209  Acc: 1.000  ETA: 0:15:59
Epoch[49] Iteration[150/275] Loss: 0.209  Acc: 1.000  ETA: 0:15:44
Epoch[49] Iteration[200/275] Loss: 0.209  Acc: 1.000  ETA: 0:15:29
Epoch[49] Iteration[250/275] Loss: 0.208  Acc: 1.000  ETA: 0:15:14
Epoch[50] Iteration[1/275] Loss: 0.208  Acc: 1.000  ETA: 0:15:08
Epoch[50] Iteration[50/275] Loss: 0.209  Acc: 1.000  ETA: 0:14:53
Epoch[50] Iteration[100/275] Loss: 0.208  Acc: 1.000  ETA: 0:14:38
Epoch[50] Iteration[150/275] Loss: 0.209  Acc: 1.000  ETA: 0:14:23
Epoch[50] Iteration[200/275] Loss: 0.210  Acc: 1.000  ETA: 0:14:08
Epoch[50] Iteration[250/275] Loss: 0.208  Acc: 1.000  ETA: 0:13:53
Epoch[51] Iteration[1/275] Loss: 0.208  Acc: 1.000  ETA: 0:13:47
Epoch[51] Iteration[50/275] Loss: 0.210  Acc: 1.000  ETA: 0:13:32
Epoch[51] Iteration[100/275] Loss: 0.209  Acc: 1.000  ETA: 0:13:17
Epoch[51] Iteration[150/275] Loss: 0.209  Acc: 1.000  ETA: 0:13:02
Epoch[51] Iteration[200/275] Loss: 0.208  Acc: 1.000  ETA: 0:12:47
Epoch[51] Iteration[250/275] Loss: 0.208  Acc: 1.000  ETA: 0:12:32
Epoch[52] Iteration[1/275] Loss: 0.208  Acc: 1.000  ETA: 0:12:26
Epoch[52] Iteration[50/275] Loss: 0.208  Acc: 1.000  ETA: 0:12:11
Epoch[52] Iteration[100/275] Loss: 0.209  Acc: 1.000  ETA: 0:11:56
Epoch[52] Iteration[150/275] Loss: 0.208  Acc: 1.000  ETA: 0:11:42
Epoch[52] Iteration[200/275] Loss: 0.208  Acc: 1.000  ETA: 0:11:27
Epoch[52] Iteration[250/275] Loss: 0.208  Acc: 1.000  ETA: 0:11:12
Epoch[53] Iteration[1/275] Loss: 0.208  Acc: 1.000  ETA: 0:11:05
Epoch[53] Iteration[50/275] Loss: 0.209  Acc: 1.000  ETA: 0:10:51
Epoch[53] Iteration[100/275] Loss: 0.208  Acc: 1.000  ETA: 0:10:36
Epoch[53] Iteration[150/275] Loss: 0.208  Acc: 1.000  ETA: 0:10:21
Epoch[53] Iteration[200/275] Loss: 0.208  Acc: 1.000  ETA: 0:10:06
Epoch[53] Iteration[250/275] Loss: 0.208  Acc: 1.000  ETA: 0:09:51
Epoch[54] Iteration[1/275] Loss: 0.209  Acc: 1.000  ETA: 0:09:45
Epoch[54] Iteration[50/275] Loss: 0.209  Acc: 1.000  ETA: 0:09:30
Epoch[54] Iteration[100/275] Loss: 0.208  Acc: 1.000  ETA: 0:09:15
Epoch[54] Iteration[150/275] Loss: 0.210  Acc: 1.000  ETA: 0:09:00
Epoch[54] Iteration[200/275] Loss: 0.210  Acc: 1.000  ETA: 0:08:45
Epoch[54] Iteration[250/275] Loss: 0.208  Acc: 1.000  ETA: 0:08:30
Epoch[55] Iteration[1/275] Loss: 0.208  Acc: 1.000  ETA: 0:08:24
Epoch[55] Iteration[50/275] Loss: 0.209  Acc: 1.000  ETA: 0:08:09
Epoch[55] Iteration[100/275] Loss: 0.209  Acc: 1.000  ETA: 0:07:54
Epoch[55] Iteration[150/275] Loss: 0.208  Acc: 1.000  ETA: 0:07:40
Epoch[55] Iteration[200/275] Loss: 0.208  Acc: 1.000  ETA: 0:07:25
Epoch[55] Iteration[250/275] Loss: 0.208  Acc: 1.000  ETA: 0:07:10
Epoch[56] Iteration[1/275] Loss: 0.208  Acc: 1.000  ETA: 0:07:03
Epoch[56] Iteration[50/275] Loss: 0.209  Acc: 1.000  ETA: 0:06:49
Epoch[56] Iteration[100/275] Loss: 0.208  Acc: 1.000  ETA: 0:06:34
Epoch[56] Iteration[150/275] Loss: 0.209  Acc: 1.000  ETA: 0:06:19
Epoch[56] Iteration[200/275] Loss: 0.209  Acc: 1.000  ETA: 0:06:04
Epoch[56] Iteration[250/275] Loss: 0.208  Acc: 1.000  ETA: 0:05:49
Epoch[57] Iteration[1/275] Loss: 0.209  Acc: 1.000  ETA: 0:05:42
Epoch[57] Iteration[50/275] Loss: 0.208  Acc: 1.000  ETA: 0:05:28
Epoch[57] Iteration[100/275] Loss: 0.209  Acc: 1.000  ETA: 0:05:13
Epoch[57] Iteration[150/275] Loss: 0.208  Acc: 1.000  ETA: 0:04:58
Epoch[57] Iteration[200/275] Loss: 0.208  Acc: 1.000  ETA: 0:04:43
Epoch[57] Iteration[250/275] Loss: 0.245  Acc: 0.984  ETA: 0:04:28
Epoch[58] Iteration[1/275] Loss: 0.209  Acc: 1.000  ETA: 0:04:22
Epoch[58] Iteration[50/275] Loss: 0.208  Acc: 1.000  ETA: 0:04:07
Epoch[58] Iteration[100/275] Loss: 0.209  Acc: 1.000  ETA: 0:03:52
Epoch[58] Iteration[150/275] Loss: 0.208  Acc: 1.000  ETA: 0:03:38
Epoch[58] Iteration[200/275] Loss: 0.209  Acc: 1.000  ETA: 0:03:23
Epoch[58] Iteration[250/275] Loss: 0.208  Acc: 1.000  ETA: 0:03:08
Epoch[59] Iteration[1/275] Loss: 0.209  Acc: 1.000  ETA: 0:03:01
Epoch[59] Iteration[50/275] Loss: 0.209  Acc: 1.000  ETA: 0:02:46
Epoch[59] Iteration[100/275] Loss: 0.209  Acc: 1.000  ETA: 0:02:32
Epoch[59] Iteration[150/275] Loss: 0.208  Acc: 1.000  ETA: 0:02:17
Epoch[59] Iteration[200/275] Loss: 0.208  Acc: 1.000  ETA: 0:02:02
Epoch[59] Iteration[250/275] Loss: 0.208  Acc: 1.000  ETA: 0:01:47
Epoch[60] Iteration[1/275] Loss: 0.208  Acc: 1.000  ETA: 0:01:41
Epoch[60] Iteration[50/275] Loss: 0.208  Acc: 1.000  ETA: 0:01:26
Epoch[60] Iteration[100/275] Loss: 0.208  Acc: 1.000  ETA: 0:01:11
Epoch[60] Iteration[150/275] Loss: 0.209  Acc: 1.000  ETA: 0:00:56
Epoch[60] Iteration[200/275] Loss: 0.208  Acc: 1.000  ETA: 0:00:41
Epoch[60] Iteration[250/275] Loss: 0.208  Acc: 1.000  ETA: 0:00:27
Traceback (most recent call last):
  File "/root/miniconda3/lib/python3.10/site-packages/torch/serialization.py", line 619, in save
    _save(obj, opened_zipfile, pickle_module, pickle_protocol, _disable_byteorder_record)
  File "/root/miniconda3/lib/python3.10/site-packages/torch/serialization.py", line 853, in _save
    zip_file.write_record(name, storage.data_ptr(), num_bytes)
RuntimeError: [enforce fail at inline_container.cc:588] . PytorchStreamWriter failed writing file data/299: file write failed

During handling of the above exception, another exception occurred:

Traceback (most recent call last):
  File "/root/autodl-tmp/CCReID/train.py", line 77, in <module>
    train(cfg)
  File "/root/autodl-tmp/CCReID/train.py", line 49, in train
    do_train(
  File "/root/autodl-tmp/CCReID/processor/processor.py", line 60, in do_train
    torch.save(model.state_dict(), save_path)
  File "/root/miniconda3/lib/python3.10/site-packages/torch/serialization.py", line 618, in save
    with _open_zipfile_writer(f) as opened_zipfile:
  File "/root/miniconda3/lib/python3.10/site-packages/torch/serialization.py", line 466, in __exit__
    self.file_like.write_end_of_file()
RuntimeError: [enforce fail at inline_container.cc:424] . unexpected pos 325127104 vs 325126992
>>> 正在进行评测...
!!! 结果抓取失败。请查看 temp_test.log 获取报错详情
>>> 本轮结果: mAP=ERROR, Rank-1=ERROR
>>> 正在清理该目录下的权重文件...
---------------------------------------------------------
>>> 开始实验: ID_Weight=2.0, Cloth_Weight=0.5
=> PRCC 数据集物理加载完毕
   Train: 17896 张 | Query: 3543 张 | Gallery: 7257 张
   Train PIDs: 150 | Cams: 3
Resized position embedding: %s to %s torch.Size([197, 768]) torch.Size([289, 768])
Position embedding resize to height:24 width: 12
>>> 未发现断点权重，将从第 1 轮开始训练。
>>> 准备从 Epoch[1] 开始训练...
Epoch[1] Iteration[1/275] Loss: 11.807  Acc: 0.016  ETA: 6:16:38
Epoch[1] Iteration[50/275] Loss: 11.253  Acc: 0.031  ETA: 1:27:18
Epoch[1] Iteration[100/275] Loss: 10.956  Acc: 0.000  ETA: 1:24:14
Epoch[1] Iteration[150/275] Loss: 11.009  Acc: 0.016  ETA: 1:22:59
Epoch[1] Iteration[200/275] Loss: 10.802  Acc: 0.000  ETA: 1:22:23
Epoch[1] Iteration[250/275] Loss: 10.752  Acc: 0.000  ETA: 1:22:03
Epoch[2] Iteration[1/275] Loss: 10.634  Acc: 0.000  ETA: 1:22:25
Epoch[2] Iteration[50/275] Loss: 9.974  Acc: 0.062  ETA: 1:21:51
Epoch[2] Iteration[100/275] Loss: 10.009  Acc: 0.078  ETA: 1:21:18
Epoch[2] Iteration[150/275] Loss: 9.770  Acc: 0.156  ETA: 1:20:52
Epoch[2] Iteration[200/275] Loss: 9.752  Acc: 0.422  ETA: 1:20:28
Epoch[2] Iteration[250/275] Loss: 9.868  Acc: 0.500  ETA: 1:20:03
Epoch[3] Iteration[1/275] Loss: 9.632  Acc: 0.547  ETA: 1:20:08
Epoch[3] Iteration[50/275] Loss: 9.654  Acc: 0.875  ETA: 1:19:44
Epoch[3] Iteration[100/275] Loss: 9.638  Acc: 0.625  ETA: 1:19:23
Epoch[3] Iteration[150/275] Loss: 9.712  Acc: 0.719  ETA: 1:19:01
Epoch[3] Iteration[200/275] Loss: 9.650  Acc: 0.906  ETA: 1:18:41
Epoch[3] Iteration[250/275] Loss: 9.590  Acc: 0.922  ETA: 1:18:20
Epoch[4] Iteration[1/275] Loss: 9.605  Acc: 0.875  ETA: 1:18:20
Epoch[4] Iteration[50/275] Loss: 9.662  Acc: 0.812  ETA: 1:18:02
Epoch[4] Iteration[100/275] Loss: 9.533  Acc: 0.875  ETA: 1:17:45
Epoch[4] Iteration[150/275] Loss: 9.500  Acc: 0.984  ETA: 1:17:28
Epoch[4] Iteration[200/275] Loss: 9.464  Acc: 0.984  ETA: 1:17:11
Epoch[4] Iteration[250/275] Loss: 9.459  Acc: 0.984  ETA: 1:16:56
Epoch[5] Iteration[1/275] Loss: 9.426  Acc: 0.953  ETA: 1:16:55
Epoch[5] Iteration[50/275] Loss: 9.545  Acc: 0.875  ETA: 1:16:39
Epoch[5] Iteration[100/275] Loss: 9.430  Acc: 0.922  ETA: 1:16:23
Epoch[5] Iteration[150/275] Loss: 9.391  Acc: 0.969  ETA: 1:16:05
Epoch[5] Iteration[200/275] Loss: 9.367  Acc: 0.984  ETA: 1:15:49
Epoch[5] Iteration[250/275] Loss: 9.315  Acc: 0.984  ETA: 1:15:32
Epoch[6] Iteration[1/275] Loss: 9.337  Acc: 0.844  ETA: 1:15:29
Epoch[6] Iteration[50/275] Loss: 9.302  Acc: 0.875  ETA: 1:15:12
Epoch[6] Iteration[100/275] Loss: 9.274  Acc: 0.984  ETA: 1:14:56
Epoch[6] Iteration[150/275] Loss: 9.225  Acc: 1.000  ETA: 1:14:39
Epoch[6] Iteration[200/275] Loss: 9.295  Acc: 0.953  ETA: 1:14:22
Epoch[6] Iteration[250/275] Loss: 9.173  Acc: 1.000  ETA: 1:14:05
Epoch[7] Iteration[1/275] Loss: 9.191  Acc: 0.953  ETA: 1:14:01
Epoch[7] Iteration[50/275] Loss: 9.253  Acc: 0.922  ETA: 1:13:46
Epoch[7] Iteration[100/275] Loss: 9.169  Acc: 0.969  ETA: 1:13:30
Epoch[7] Iteration[150/275] Loss: 9.105  Acc: 0.969  ETA: 1:13:14
Epoch[7] Iteration[200/275] Loss: 9.094  Acc: 0.984  ETA: 1:12:57
Epoch[7] Iteration[250/275] Loss: 9.061  Acc: 0.984  ETA: 1:12:40
Epoch[8] Iteration[1/275] Loss: 9.105  Acc: 0.984  ETA: 1:12:36
Epoch[8] Iteration[50/275] Loss: 9.046  Acc: 0.969  ETA: 1:12:20
Epoch[8] Iteration[100/275] Loss: 8.994  Acc: 1.000  ETA: 1:12:04
Epoch[8] Iteration[150/275] Loss: 9.018  Acc: 0.969  ETA: 1:11:48
Epoch[8] Iteration[200/275] Loss: 9.015  Acc: 0.984  ETA: 1:11:31
Epoch[8] Iteration[250/275] Loss: 8.957  Acc: 1.000  ETA: 1:11:15
Epoch[9] Iteration[1/275] Loss: 9.028  Acc: 0.953  ETA: 1:11:11
Epoch[9] Iteration[50/275] Loss: 8.937  Acc: 0.984  ETA: 1:10:55
Epoch[9] Iteration[100/275] Loss: 8.942  Acc: 0.969  ETA: 1:10:40
Epoch[9] Iteration[150/275] Loss: 8.877  Acc: 1.000  ETA: 1:10:24
Epoch[9] Iteration[200/275] Loss: 8.851  Acc: 1.000  ETA: 1:10:09
Epoch[9] Iteration[250/275] Loss: 8.836  Acc: 1.000  ETA: 1:09:54
Epoch[10] Iteration[1/275] Loss: 8.844  Acc: 1.000  ETA: 1:09:49
Epoch[10] Iteration[50/275] Loss: 8.843  Acc: 1.000  ETA: 1:09:33
Epoch[10] Iteration[100/275] Loss: 8.817  Acc: 1.000  ETA: 1:09:17
Epoch[10] Iteration[150/275] Loss: 8.839  Acc: 0.984  ETA: 1:09:02
Epoch[10] Iteration[200/275] Loss: 8.802  Acc: 1.000  ETA: 1:08:46
Epoch[10] Iteration[250/275] Loss: 8.755  Acc: 1.000  ETA: 1:08:30
Epoch[11] Iteration[1/275] Loss: 8.769  Acc: 1.000  ETA: 1:08:25
Epoch[11] Iteration[50/275] Loss: 8.811  Acc: 0.984  ETA: 1:08:09
Epoch[11] Iteration[100/275] Loss: 8.726  Acc: 1.000  ETA: 1:07:54
Epoch[11] Iteration[150/275] Loss: 8.741  Acc: 0.984  ETA: 1:07:38
Epoch[11] Iteration[200/275] Loss: 8.697  Acc: 1.000  ETA: 1:07:23
Epoch[11] Iteration[250/275] Loss: 8.658  Acc: 1.000  ETA: 1:07:08
Epoch[12] Iteration[1/275] Loss: 8.691  Acc: 1.000  ETA: 1:07:03
Epoch[12] Iteration[50/275] Loss: 8.686  Acc: 1.000  ETA: 1:06:48
Epoch[12] Iteration[100/275] Loss: 8.743  Acc: 1.000  ETA: 1:06:32
Epoch[12] Iteration[150/275] Loss: 8.667  Acc: 1.000  ETA: 1:06:17
Epoch[12] Iteration[200/275] Loss: 8.653  Acc: 0.984  ETA: 1:06:01
Epoch[12] Iteration[250/275] Loss: 8.640  Acc: 1.000  ETA: 1:05:46
Epoch[13] Iteration[1/275] Loss: 8.641  Acc: 1.000  ETA: 1:05:41
Epoch[13] Iteration[50/275] Loss: 8.640  Acc: 1.000  ETA: 1:05:25
Epoch[13] Iteration[100/275] Loss: 8.615  Acc: 1.000  ETA: 1:05:10
Epoch[13] Iteration[150/275] Loss: 8.622  Acc: 1.000  ETA: 1:04:54
Epoch[13] Iteration[200/275] Loss: 8.598  Acc: 1.000  ETA: 1:04:38
Epoch[13] Iteration[250/275] Loss: 8.599  Acc: 1.000  ETA: 1:04:23
Epoch[14] Iteration[1/275] Loss: 8.617  Acc: 1.000  ETA: 1:04:17
Epoch[14] Iteration[50/275] Loss: 8.632  Acc: 1.000  ETA: 1:04:03
Epoch[14] Iteration[100/275] Loss: 8.606  Acc: 1.000  ETA: 1:03:48
Epoch[14] Iteration[150/275] Loss: 8.590  Acc: 1.000  ETA: 1:03:33
Epoch[14] Iteration[200/275] Loss: 8.584  Acc: 1.000  ETA: 1:03:17
Epoch[14] Iteration[250/275] Loss: 8.558  Acc: 1.000  ETA: 1:03:02
Epoch[15] Iteration[1/275] Loss: 8.586  Acc: 1.000  ETA: 1:02:56
Epoch[15] Iteration[50/275] Loss: 8.593  Acc: 1.000  ETA: 1:02:42
Epoch[15] Iteration[100/275] Loss: 8.585  Acc: 1.000  ETA: 1:02:26
Epoch[15] Iteration[150/275] Loss: 8.558  Acc: 1.000  ETA: 1:02:12
Epoch[15] Iteration[200/275] Loss: 8.565  Acc: 1.000  ETA: 1:01:57
Epoch[15] Iteration[250/275] Loss: 8.555  Acc: 1.000  ETA: 1:01:42
Epoch[16] Iteration[1/275] Loss: 8.560  Acc: 1.000  ETA: 1:01:37
Epoch[16] Iteration[50/275] Loss: 8.567  Acc: 1.000  ETA: 1:01:22
Epoch[16] Iteration[100/275] Loss: 8.551  Acc: 1.000  ETA: 1:01:06
Epoch[16] Iteration[150/275] Loss: 8.552  Acc: 1.000  ETA: 1:00:51
Epoch[16] Iteration[200/275] Loss: 8.554  Acc: 1.000  ETA: 1:00:36
Epoch[16] Iteration[250/275] Loss: 8.539  Acc: 1.000  ETA: 1:00:21
Epoch[17] Iteration[1/275] Loss: 8.556  Acc: 1.000  ETA: 1:00:15
Epoch[17] Iteration[50/275] Loss: 8.547  Acc: 1.000  ETA: 1:00:01
Epoch[17] Iteration[100/275] Loss: 8.545  Acc: 1.000  ETA: 0:59:45
Epoch[17] Iteration[150/275] Loss: 8.543  Acc: 1.000  ETA: 0:59:30
Epoch[17] Iteration[200/275] Loss: 8.538  Acc: 1.000  ETA: 0:59:15
Epoch[17] Iteration[250/275] Loss: 8.549  Acc: 0.984  ETA: 0:58:59
Epoch[18] Iteration[1/275] Loss: 8.544  Acc: 1.000  ETA: 0:58:54
Epoch[18] Iteration[50/275] Loss: 8.539  Acc: 1.000  ETA: 0:58:39
Epoch[18] Iteration[100/275] Loss: 8.551  Acc: 1.000  ETA: 0:58:24
Epoch[18] Iteration[150/275] Loss: 8.538  Acc: 1.000  ETA: 0:58:09
Epoch[18] Iteration[200/275] Loss: 8.542  Acc: 1.000  ETA: 0:57:54
Epoch[18] Iteration[250/275] Loss: 8.538  Acc: 1.000  ETA: 0:57:38
Epoch[19] Iteration[1/275] Loss: 8.549  Acc: 1.000  ETA: 0:57:33
Epoch[19] Iteration[50/275] Loss: 8.539  Acc: 1.000  ETA: 0:57:18
Epoch[19] Iteration[100/275] Loss: 8.598  Acc: 0.969  ETA: 0:57:03
Epoch[19] Iteration[150/275] Loss: 8.541  Acc: 1.000  ETA: 0:56:48
Epoch[19] Iteration[200/275] Loss: 8.536  Acc: 1.000  ETA: 0:56:33
Epoch[19] Iteration[250/275] Loss: 8.536  Acc: 1.000  ETA: 0:56:17
Epoch[20] Iteration[1/275] Loss: 8.540  Acc: 1.000  ETA: 0:56:12
Epoch[20] Iteration[50/275] Loss: 8.544  Acc: 1.000  ETA: 0:55:57
Epoch[20] Iteration[100/275] Loss: 8.541  Acc: 1.000  ETA: 0:55:42
Epoch[20] Iteration[150/275] Loss: 8.548  Acc: 0.984  ETA: 0:55:27
Epoch[20] Iteration[200/275] Loss: 8.548  Acc: 1.000  ETA: 0:55:11
Epoch[20] Iteration[250/275] Loss: 8.554  Acc: 1.000  ETA: 0:54:57
>>> Epoch[20] 权重已保存至: ./logs/exp1/model_20.pth
Epoch[21] Iteration[1/275] Loss: 8.573  Acc: 0.984  ETA: 0:54:52
Epoch[21] Iteration[50/275] Loss: 8.539  Acc: 1.000  ETA: 0:54:37
Epoch[21] Iteration[100/275] Loss: 8.595  Acc: 1.000  ETA: 0:54:23
Epoch[21] Iteration[150/275] Loss: 8.549  Acc: 1.000  ETA: 0:54:09
Epoch[21] Iteration[200/275] Loss: 8.589  Acc: 1.000  ETA: 0:53:55
Epoch[21] Iteration[250/275] Loss: 8.545  Acc: 1.000  ETA: 0:53:41
Epoch[22] Iteration[1/275] Loss: 8.549  Acc: 1.000  ETA: 0:53:35
Epoch[22] Iteration[50/275] Loss: 8.544  Acc: 1.000  ETA: 0:53:20
Epoch[22] Iteration[100/275] Loss: 8.538  Acc: 1.000  ETA: 0:53:05
Epoch[22] Iteration[150/275] Loss: 8.602  Acc: 0.984  ETA: 0:52:50
Epoch[22] Iteration[200/275] Loss: 8.537  Acc: 1.000  ETA: 0:52:35
Epoch[22] Iteration[250/275] Loss: 8.534  Acc: 1.000  ETA: 0:52:20
Epoch[23] Iteration[1/275] Loss: 8.538  Acc: 1.000  ETA: 0:52:14
Epoch[23] Iteration[50/275] Loss: 8.534  Acc: 1.000  ETA: 0:51:59
Epoch[23] Iteration[100/275] Loss: 8.533  Acc: 1.000  ETA: 0:51:44
Epoch[23] Iteration[150/275] Loss: 8.533  Acc: 1.000  ETA: 0:51:29
Epoch[23] Iteration[200/275] Loss: 8.532  Acc: 1.000  ETA: 0:51:15
Epoch[23] Iteration[250/275] Loss: 8.542  Acc: 1.000  ETA: 0:51:00
Epoch[24] Iteration[1/275] Loss: 8.534  Acc: 1.000  ETA: 0:50:54
Epoch[24] Iteration[50/275] Loss: 8.533  Acc: 1.000  ETA: 0:50:39
Epoch[24] Iteration[100/275] Loss: 8.539  Acc: 1.000  ETA: 0:50:24
Epoch[24] Iteration[150/275] Loss: 8.534  Acc: 1.000  ETA: 0:50:09
Epoch[24] Iteration[200/275] Loss: 8.538  Acc: 0.984  ETA: 0:49:54
Epoch[24] Iteration[250/275] Loss: 8.620  Acc: 0.984  ETA: 0:49:39
Epoch[25] Iteration[1/275] Loss: 8.549  Acc: 1.000  ETA: 0:49:34
Epoch[25] Iteration[50/275] Loss: 8.543  Acc: 1.000  ETA: 0:49:19
Epoch[25] Iteration[100/275] Loss: 8.537  Acc: 1.000  ETA: 0:49:04
Epoch[25] Iteration[150/275] Loss: 8.547  Acc: 0.984  ETA: 0:48:49
Epoch[25] Iteration[200/275] Loss: 8.533  Acc: 1.000  ETA: 0:48:34
Epoch[25] Iteration[250/275] Loss: 8.533  Acc: 1.000  ETA: 0:48:19
Epoch[26] Iteration[1/275] Loss: 8.532  Acc: 1.000  ETA: 0:48:13
Epoch[26] Iteration[50/275] Loss: 8.533  Acc: 1.000  ETA: 0:47:58
Epoch[26] Iteration[100/275] Loss: 8.532  Acc: 1.000  ETA: 0:47:43
Epoch[26] Iteration[150/275] Loss: 8.538  Acc: 1.000  ETA: 0:47:28
Epoch[26] Iteration[200/275] Loss: 8.530  Acc: 1.000  ETA: 0:47:14
Epoch[26] Iteration[250/275] Loss: 8.531  Acc: 1.000  ETA: 0:46:59
Epoch[27] Iteration[1/275] Loss: 8.535  Acc: 1.000  ETA: 0:46:53
Epoch[27] Iteration[50/275] Loss: 8.537  Acc: 1.000  ETA: 0:46:38
Epoch[27] Iteration[100/275] Loss: 8.545  Acc: 1.000  ETA: 0:46:23
Epoch[27] Iteration[150/275] Loss: 8.542  Acc: 1.000  ETA: 0:46:08
Epoch[27] Iteration[200/275] Loss: 8.542  Acc: 1.000  ETA: 0:45:52
Epoch[27] Iteration[250/275] Loss: 8.532  Acc: 1.000  ETA: 0:45:37
Epoch[28] Iteration[1/275] Loss: 8.533  Acc: 1.000  ETA: 0:45:31
Epoch[28] Iteration[50/275] Loss: 8.530  Acc: 1.000  ETA: 0:45:16
Epoch[28] Iteration[100/275] Loss: 8.532  Acc: 1.000  ETA: 0:45:01
Epoch[28] Iteration[150/275] Loss: 8.532  Acc: 1.000  ETA: 0:44:46
Epoch[28] Iteration[200/275] Loss: 8.534  Acc: 1.000  ETA: 0:44:31
Epoch[28] Iteration[250/275] Loss: 8.529  Acc: 1.000  ETA: 0:44:17
Epoch[29] Iteration[1/275] Loss: 8.549  Acc: 0.984  ETA: 0:44:11
Epoch[29] Iteration[50/275] Loss: 8.531  Acc: 1.000  ETA: 0:43:56
Epoch[29] Iteration[100/275] Loss: 8.536  Acc: 1.000  ETA: 0:43:41
Epoch[29] Iteration[150/275] Loss: 8.534  Acc: 1.000  ETA: 0:43:27
Epoch[29] Iteration[200/275] Loss: 8.536  Acc: 1.000  ETA: 0:43:12
Epoch[29] Iteration[250/275] Loss: 8.533  Acc: 1.000  ETA: 0:42:57
Epoch[30] Iteration[1/275] Loss: 8.570  Acc: 0.984  ETA: 0:42:50
Epoch[30] Iteration[50/275] Loss: 8.538  Acc: 1.000  ETA: 0:42:36
Epoch[30] Iteration[100/275] Loss: 8.534  Acc: 1.000  ETA: 0:42:21
Epoch[30] Iteration[150/275] Loss: 8.535  Acc: 1.000  ETA: 0:42:06
Epoch[30] Iteration[200/275] Loss: 8.531  Acc: 1.000  ETA: 0:41:51
Epoch[30] Iteration[250/275] Loss: 8.636  Acc: 0.984  ETA: 0:41:36
Epoch[31] Iteration[1/275] Loss: 8.558  Acc: 1.000  ETA: 0:41:30
Epoch[31] Iteration[50/275] Loss: 8.540  Acc: 1.000  ETA: 0:41:15
Epoch[31] Iteration[100/275] Loss: 8.536  Acc: 1.000  ETA: 0:41:00
Epoch[31] Iteration[150/275] Loss: 8.533  Acc: 1.000  ETA: 0:40:46
Epoch[31] Iteration[200/275] Loss: 8.531  Acc: 1.000  ETA: 0:40:31
Epoch[31] Iteration[250/275] Loss: 8.532  Acc: 1.000  ETA: 0:40:16
Epoch[32] Iteration[1/275] Loss: 8.535  Acc: 1.000  ETA: 0:40:10
Epoch[32] Iteration[50/275] Loss: 8.531  Acc: 1.000  ETA: 0:39:55
Epoch[32] Iteration[100/275] Loss: 8.530  Acc: 1.000  ETA: 0:39:40
Epoch[32] Iteration[150/275] Loss: 8.532  Acc: 1.000  ETA: 0:39:25
Epoch[32] Iteration[200/275] Loss: 8.532  Acc: 1.000  ETA: 0:39:10
Epoch[32] Iteration[250/275] Loss: 8.531  Acc: 1.000  ETA: 0:38:55
Epoch[33] Iteration[1/275] Loss: 8.531  Acc: 1.000  ETA: 0:38:49
Epoch[33] Iteration[50/275] Loss: 8.536  Acc: 0.984  ETA: 0:38:34
Epoch[33] Iteration[100/275] Loss: 8.530  Acc: 1.000  ETA: 0:38:19
Epoch[33] Iteration[150/275] Loss: 8.531  Acc: 1.000  ETA: 0:38:04
Epoch[33] Iteration[200/275] Loss: 8.532  Acc: 1.000  ETA: 0:37:49
Epoch[33] Iteration[250/275] Loss: 8.534  Acc: 1.000  ETA: 0:37:34
Epoch[34] Iteration[1/275] Loss: 8.531  Acc: 1.000  ETA: 0:37:28
Epoch[34] Iteration[50/275] Loss: 8.545  Acc: 0.984  ETA: 0:37:14
Epoch[34] Iteration[100/275] Loss: 8.529  Acc: 1.000  ETA: 0:36:59
Epoch[34] Iteration[150/275] Loss: 8.530  Acc: 1.000  ETA: 0:36:44
Epoch[34] Iteration[200/275] Loss: 8.530  Acc: 1.000  ETA: 0:36:29
Epoch[34] Iteration[250/275] Loss: 8.528  Acc: 1.000  ETA: 0:36:14
Epoch[35] Iteration[1/275] Loss: 8.532  Acc: 1.000  ETA: 0:36:08
Epoch[35] Iteration[50/275] Loss: 8.530  Acc: 1.000  ETA: 0:35:53
Epoch[35] Iteration[100/275] Loss: 8.529  Acc: 1.000  ETA: 0:35:38
Epoch[35] Iteration[150/275] Loss: 8.531  Acc: 1.000  ETA: 0:35:23
Epoch[35] Iteration[200/275] Loss: 8.529  Acc: 1.000  ETA: 0:35:08
Epoch[35] Iteration[250/275] Loss: 8.529  Acc: 1.000  ETA: 0:34:53
Epoch[36] Iteration[1/275] Loss: 8.530  Acc: 1.000  ETA: 0:34:47
Epoch[36] Iteration[50/275] Loss: 8.529  Acc: 1.000  ETA: 0:34:33
Epoch[36] Iteration[100/275] Loss: 8.531  Acc: 1.000  ETA: 0:34:18
Epoch[36] Iteration[150/275] Loss: 8.530  Acc: 1.000  ETA: 0:34:03
Epoch[36] Iteration[200/275] Loss: 8.528  Acc: 1.000  ETA: 0:33:48
Epoch[36] Iteration[250/275] Loss: 8.532  Acc: 1.000  ETA: 0:33:33
Epoch[37] Iteration[1/275] Loss: 8.529  Acc: 1.000  ETA: 0:33:27
Epoch[37] Iteration[50/275] Loss: 8.530  Acc: 1.000  ETA: 0:33:12
Epoch[37] Iteration[100/275] Loss: 8.530  Acc: 1.000  ETA: 0:32:57
Epoch[37] Iteration[150/275] Loss: 8.531  Acc: 1.000  ETA: 0:32:42
Epoch[37] Iteration[200/275] Loss: 8.529  Acc: 1.000  ETA: 0:32:27
Epoch[37] Iteration[250/275] Loss: 8.528  Acc: 1.000  ETA: 0:32:12
Epoch[38] Iteration[1/275] Loss: 8.529  Acc: 1.000  ETA: 0:32:06
Epoch[38] Iteration[50/275] Loss: 8.529  Acc: 1.000  ETA: 0:31:52
Epoch[38] Iteration[100/275] Loss: 8.528  Acc: 1.000  ETA: 0:31:37
Epoch[38] Iteration[150/275] Loss: 8.531  Acc: 1.000  ETA: 0:31:22
Epoch[38] Iteration[200/275] Loss: 8.528  Acc: 1.000  ETA: 0:31:07
Epoch[38] Iteration[250/275] Loss: 8.528  Acc: 1.000  ETA: 0:30:52
Epoch[39] Iteration[1/275] Loss: 8.530  Acc: 1.000  ETA: 0:30:46
Epoch[39] Iteration[50/275] Loss: 8.530  Acc: 1.000  ETA: 0:30:31
Epoch[39] Iteration[100/275] Loss: 8.528  Acc: 1.000  ETA: 0:30:16
Epoch[39] Iteration[150/275] Loss: 8.530  Acc: 1.000  ETA: 0:30:01
Epoch[39] Iteration[200/275] Loss: 8.529  Acc: 1.000  ETA: 0:29:46
Epoch[39] Iteration[250/275] Loss: 8.531  Acc: 1.000  ETA: 0:29:31
Epoch[40] Iteration[1/275] Loss: 8.533  Acc: 1.000  ETA: 0:29:25
Epoch[40] Iteration[50/275] Loss: 8.529  Acc: 1.000  ETA: 0:29:10
Epoch[40] Iteration[100/275] Loss: 8.529  Acc: 1.000  ETA: 0:28:55
Epoch[40] Iteration[150/275] Loss: 8.529  Acc: 1.000  ETA: 0:28:40
Epoch[40] Iteration[200/275] Loss: 8.529  Acc: 1.000  ETA: 0:28:25
Epoch[40] Iteration[250/275] Loss: 8.528  Acc: 1.000  ETA: 0:28:11
>>> Epoch[40] 权重已保存至: ./logs/exp1/model_40.pth
Epoch[41] Iteration[1/275] Loss: 8.529  Acc: 1.000  ETA: 0:28:05
Epoch[41] Iteration[50/275] Loss: 8.528  Acc: 1.000  ETA: 0:27:50
Epoch[41] Iteration[100/275] Loss: 8.529  Acc: 1.000  ETA: 0:27:35
Epoch[41] Iteration[150/275] Loss: 8.529  Acc: 1.000  ETA: 0:27:21
Epoch[41] Iteration[200/275] Loss: 8.528  Acc: 1.000  ETA: 0:27:06
Epoch[41] Iteration[250/275] Loss: 8.528  Acc: 1.000  ETA: 0:26:51
Epoch[42] Iteration[1/275] Loss: 8.528  Acc: 1.000  ETA: 0:26:44
Epoch[42] Iteration[50/275] Loss: 8.528  Acc: 1.000  ETA: 0:26:29
Epoch[42] Iteration[100/275] Loss: 8.529  Acc: 1.000  ETA: 0:26:14
Epoch[42] Iteration[150/275] Loss: 8.529  Acc: 1.000  ETA: 0:25:59
Epoch[42] Iteration[200/275] Loss: 8.528  Acc: 1.000  ETA: 0:25:44
Epoch[42] Iteration[250/275] Loss: 8.528  Acc: 1.000  ETA: 0:25:30
Epoch[43] Iteration[1/275] Loss: 8.528  Acc: 1.000  ETA: 0:25:23
Epoch[43] Iteration[50/275] Loss: 8.528  Acc: 1.000  ETA: 0:25:08
Epoch[43] Iteration[100/275] Loss: 8.528  Acc: 1.000  ETA: 0:24:53
Epoch[43] Iteration[150/275] Loss: 8.527  Acc: 1.000  ETA: 0:24:38
Epoch[43] Iteration[200/275] Loss: 8.528  Acc: 1.000  ETA: 0:24:23
Epoch[43] Iteration[250/275] Loss: 8.528  Acc: 1.000  ETA: 0:24:08
Epoch[44] Iteration[1/275] Loss: 8.529  Acc: 1.000  ETA: 0:24:02
Epoch[44] Iteration[50/275] Loss: 8.529  Acc: 1.000  ETA: 0:23:47
Epoch[44] Iteration[100/275] Loss: 8.528  Acc: 1.000  ETA: 0:23:32
Epoch[44] Iteration[150/275] Loss: 8.529  Acc: 1.000  ETA: 0:23:18
Epoch[44] Iteration[200/275] Loss: 8.528  Acc: 1.000  ETA: 0:23:03
Epoch[44] Iteration[250/275] Loss: 8.528  Acc: 1.000  ETA: 0:22:48
Epoch[45] Iteration[1/275] Loss: 8.528  Acc: 1.000  ETA: 0:22:41
Epoch[45] Iteration[50/275] Loss: 8.528  Acc: 1.000  ETA: 0:22:26
Epoch[45] Iteration[100/275] Loss: 8.528  Acc: 1.000  ETA: 0:22:11
Epoch[45] Iteration[150/275] Loss: 8.530  Acc: 1.000  ETA: 0:21:56
Epoch[45] Iteration[200/275] Loss: 8.528  Acc: 1.000  ETA: 0:21:41
Epoch[45] Iteration[250/275] Loss: 8.528  Acc: 1.000  ETA: 0:21:26
Epoch[46] Iteration[1/275] Loss: 8.539  Acc: 0.984  ETA: 0:21:20
Epoch[46] Iteration[50/275] Loss: 8.527  Acc: 1.000  ETA: 0:21:05
Epoch[46] Iteration[100/275] Loss: 8.527  Acc: 1.000  ETA: 0:20:50
Epoch[46] Iteration[150/275] Loss: 8.529  Acc: 1.000  ETA: 0:20:35
Epoch[46] Iteration[200/275] Loss: 8.531  Acc: 1.000  ETA: 0:20:20
Epoch[46] Iteration[250/275] Loss: 8.527  Acc: 1.000  ETA: 0:20:05
Epoch[47] Iteration[1/275] Loss: 8.532  Acc: 0.984  ETA: 0:19:59
Epoch[47] Iteration[50/275] Loss: 8.528  Acc: 1.000  ETA: 0:19:44
Epoch[47] Iteration[100/275] Loss: 8.528  Acc: 1.000  ETA: 0:19:29
Epoch[47] Iteration[150/275] Loss: 8.527  Acc: 1.000  ETA: 0:19:14
Epoch[47] Iteration[200/275] Loss: 8.527  Acc: 1.000  ETA: 0:18:59
Epoch[47] Iteration[250/275] Loss: 8.527  Acc: 1.000  ETA: 0:18:44
Epoch[48] Iteration[1/275] Loss: 8.528  Acc: 1.000  ETA: 0:18:38
Epoch[48] Iteration[50/275] Loss: 8.528  Acc: 1.000  ETA: 0:18:23
Epoch[48] Iteration[100/275] Loss: 8.527  Acc: 1.000  ETA: 0:18:08
Epoch[48] Iteration[150/275] Loss: 8.528  Acc: 1.000  ETA: 0:17:53
Epoch[48] Iteration[200/275] Loss: 8.528  Acc: 1.000  ETA: 0:17:38
Epoch[48] Iteration[250/275] Loss: 8.527  Acc: 1.000  ETA: 0:17:23
Epoch[49] Iteration[1/275] Loss: 8.528  Acc: 1.000  ETA: 0:17:17
Epoch[49] Iteration[50/275] Loss: 8.529  Acc: 1.000  ETA: 0:17:02
Epoch[49] Iteration[100/275] Loss: 8.528  Acc: 1.000  ETA: 0:16:47
Epoch[49] Iteration[150/275] Loss: 8.528  Acc: 1.000  ETA: 0:16:32
Epoch[49] Iteration[200/275] Loss: 8.527  Acc: 1.000  ETA: 0:16:17
Epoch[49] Iteration[250/275] Loss: 8.527  Acc: 1.000  ETA: 0:16:02
Epoch[50] Iteration[1/275] Loss: 8.528  Acc: 1.000  ETA: 0:15:55
Epoch[50] Iteration[50/275] Loss: 8.527  Acc: 1.000  ETA: 0:15:41
Epoch[50] Iteration[100/275] Loss: 8.527  Acc: 1.000  ETA: 0:15:26
Epoch[50] Iteration[150/275] Loss: 8.527  Acc: 1.000  ETA: 0:15:11
Epoch[50] Iteration[200/275] Loss: 8.528  Acc: 1.000  ETA: 0:14:56
Epoch[50] Iteration[250/275] Loss: 8.526  Acc: 1.000  ETA: 0:14:41
Epoch[51] Iteration[1/275] Loss: 8.528  Acc: 1.000  ETA: 0:14:34
Epoch[51] Iteration[50/275] Loss: 8.527  Acc: 1.000  ETA: 0:14:19
Epoch[51] Iteration[100/275] Loss: 8.528  Acc: 1.000  ETA: 0:14:04
Epoch[51] Iteration[150/275] Loss: 8.527  Acc: 1.000  ETA: 0:13:49
Epoch[51] Iteration[200/275] Loss: 8.529  Acc: 1.000  ETA: 0:13:34
Epoch[51] Iteration[250/275] Loss: 8.528  Acc: 1.000  ETA: 0:13:19
Epoch[52] Iteration[1/275] Loss: 8.528  Acc: 1.000  ETA: 0:13:13
Epoch[52] Iteration[50/275] Loss: 8.528  Acc: 1.000  ETA: 0:12:58
Epoch[52] Iteration[100/275] Loss: 8.529  Acc: 1.000  ETA: 0:12:43
Epoch[52] Iteration[150/275] Loss: 8.527  Acc: 1.000  ETA: 0:12:28
Epoch[52] Iteration[200/275] Loss: 8.527  Acc: 1.000  ETA: 0:12:13
Epoch[52] Iteration[250/275] Loss: 8.527  Acc: 1.000  ETA: 0:11:58
Epoch[53] Iteration[1/275] Loss: 8.528  Acc: 1.000  ETA: 0:11:52
Epoch[53] Iteration[50/275] Loss: 8.527  Acc: 1.000  ETA: 0:11:37
Epoch[53] Iteration[100/275] Loss: 8.528  Acc: 1.000  ETA: 0:11:22
Epoch[53] Iteration[150/275] Loss: 8.527  Acc: 1.000  ETA: 0:11:07
Epoch[53] Iteration[200/275] Loss: 8.527  Acc: 1.000  ETA: 0:10:52
Epoch[53] Iteration[250/275] Loss: 8.527  Acc: 1.000  ETA: 0:10:37
Epoch[54] Iteration[1/275] Loss: 8.528  Acc: 1.000  ETA: 0:10:30
Epoch[54] Iteration[50/275] Loss: 8.527  Acc: 1.000  ETA: 0:10:15
Epoch[54] Iteration[100/275] Loss: 8.528  Acc: 1.000  ETA: 0:10:00
Epoch[54] Iteration[150/275] Loss: 8.527  Acc: 1.000  ETA: 0:09:45
Epoch[54] Iteration[200/275] Loss: 8.528  Acc: 1.000  ETA: 0:09:31
Epoch[54] Iteration[250/275] Loss: 8.526  Acc: 1.000  ETA: 0:09:16
Epoch[55] Iteration[1/275] Loss: 8.528  Acc: 1.000  ETA: 0:09:09
Epoch[55] Iteration[50/275] Loss: 8.528  Acc: 1.000  ETA: 0:08:54
Epoch[55] Iteration[100/275] Loss: 8.527  Acc: 1.000  ETA: 0:08:39
Epoch[55] Iteration[150/275] Loss: 8.527  Acc: 1.000  ETA: 0:08:24
Epoch[55] Iteration[200/275] Loss: 8.527  Acc: 1.000  ETA: 0:08:09
Epoch[55] Iteration[250/275] Loss: 8.527  Acc: 1.000  ETA: 0:07:54
Epoch[56] Iteration[1/275] Loss: 8.527  Acc: 1.000  ETA: 0:07:48
Epoch[56] Iteration[50/275] Loss: 8.528  Acc: 1.000  ETA: 0:07:33
Epoch[56] Iteration[100/275] Loss: 8.527  Acc: 1.000  ETA: 0:07:18
Epoch[56] Iteration[150/275] Loss: 8.527  Acc: 1.000  ETA: 0:07:03
Epoch[56] Iteration[200/275] Loss: 8.527  Acc: 1.000  ETA: 0:06:48
Epoch[56] Iteration[250/275] Loss: 8.527  Acc: 1.000  ETA: 0:06:33
Epoch[57] Iteration[1/275] Loss: 8.528  Acc: 1.000  ETA: 0:06:26
Epoch[57] Iteration[50/275] Loss: 8.527  Acc: 1.000  ETA: 0:06:11
Epoch[57] Iteration[100/275] Loss: 8.527  Acc: 1.000  ETA: 0:05:56
Epoch[57] Iteration[150/275] Loss: 8.527  Acc: 1.000  ETA: 0:05:41
